<?xml version="1.0" encoding="UTF-8"?>
<!-- Generated by org.testng.reporters.JUnitReportReporter -->
<testsuite hostname="Amit" failures="0" tests="2" name="tests.VerifyAnnotations" time="34.512" errors="0" timestamp="2022-06-02T17:34:27 IST" skipped="0">
  <testcase classname="tests.VerifyAnnotations" name="verifyTaskTab" time="12.260"/>
  <system-out/>
  <testcase classname="tests.VerifyAnnotations" name="verifyReportTab" time="22.252"/>
  <system-out/>
</testsuite> <!-- tests.VerifyAnnotations -->
