<?xml version="1.0" encoding="UTF-8"?>
<!-- Generated by org.testng.reporters.JUnitReportReporter -->
<testsuite hostname="Amit" failures="0" tests="2" name="tests.VerifyFac" time="101.479" errors="0" timestamp="2022-06-01T10:08:49 IST" skipped="0">
  <testcase classname="tests.VerifyFac" name="verifyWatch" time="73.643"/>
  <system-out/>
  <testcase classname="tests.VerifyFac" name="verifyWatch" time="27.836"/>
  <system-out/>
</testsuite> <!-- tests.VerifyFac -->
