<?xml version="1.0" encoding="UTF-8"?>
<!-- Generated by org.testng.reporters.JUnitReportReporter -->
<testsuite hostname="Amit" failures="0" tests="3" name="tests.TestClass2" time="0.015" errors="0" timestamp="2022-06-01T10:28:16 IST" skipped="0">
  <testcase classname="tests.TestClass2" name="testA" time="0.007"/>
  <system-out/>
  <testcase classname="tests.TestClass2" name="testC" time="0.003"/>
  <system-out/>
  <testcase classname="tests.TestClass2" name="testB" time="0.005"/>
  <system-out/>
</testsuite> <!-- tests.TestClass2 -->
