<?xml version="1.0" encoding="UTF-8"?>
<!-- Generated by org.testng.reporters.JUnitReportReporter -->
<testsuite hostname="Amit" failures="0" tests="2" name="tests.VerifyTheapplicationHeader" time="41.454" errors="0" timestamp="2022-05-20T12:15:10 IST" skipped="0">
  <testcase classname="tests.VerifyTheapplicationHeader" name="verifyReportTab" time="19.583"/>
  <system-out/>
  <testcase classname="tests.VerifyTheapplicationHeader" name="verifyTaskTab" time="21.871"/>
  <system-out/>
</testsuite> <!-- tests.VerifyTheapplicationHeader -->
