<?xml version="1.0" encoding="UTF-8"?>
<!-- Generated by org.testng.reporters.JUnitReportReporter -->
<testsuite hostname="Amit" failures="0" tests="4" name="tests.Verifyapplication" time="219.647" errors="0" timestamp="2022-06-02T16:47:19 IST" skipped="0">
  <testcase classname="tests.Verifyapplication" name="verifyTaskTab" time="17.245"/>
  <system-out/>
  <testcase classname="tests.Verifyapplication" name="verifyTaskTab" time="36.892"/>
  <system-out/>
  <testcase classname="tests.Verifyapplication" name="verifyReportTab" time="97.446"/>
  <system-out/>
  <testcase classname="tests.Verifyapplication" name="verifyReportTab" time="68.064"/>
  <system-out/>
</testsuite> <!-- tests.Verifyapplication -->
