<?xml version="1.0" encoding="UTF-8"?>
<!-- Generated by org.testng.reporters.JUnitReportReporter -->
<testsuite hostname="Amit" failures="0" tests="4" name="tests.Verifyapplication" time="110.007" errors="0" timestamp="2022-06-01T10:08:49 IST" skipped="0">
  <testcase classname="tests.Verifyapplication" name="verifyReportTab" time="37.041"/>
  <system-out/>
  <testcase classname="tests.Verifyapplication" name="verifyReportTab" time="40.797"/>
  <system-out/>
  <testcase classname="tests.Verifyapplication" name="verifyTaskTab" time="16.053"/>
  <system-out/>
  <testcase classname="tests.Verifyapplication" name="verifyTaskTab" time="16.116"/>
  <system-out/>
</testsuite> <!-- tests.Verifyapplication -->
