<?xml version="1.0" encoding="UTF-8"?>
<!-- Generated by org.testng.reporters.JUnitReportReporter -->
<testsuite hostname="Amit" failures="0" tests="1" name="program.TestNg" time="0.007" errors="0" timestamp="2022-05-18T11:25:10 IST" skipped="0">
  <testcase classname="program.TestNg" name="delta" time="0.007"/>
  <system-out/>
</testsuite> <!-- program.TestNg -->
